This is pdfTeX, Version 3.14159265-2.6-1.40.18 (MiKTeX 2.9.6500 64-bit) (preloaded format=pdflatex 2018.1.24)  10 APR 2018 16:06
entering extended mode
**./HW05.tex
(HW05.tex
LaTeX2e <2017-04-15>
Babel <3.16> and hyphenation patterns for 76 language(s) loaded.
("C:\Program Files\MiKTeX 2.9\tex\latex\base\article.cls"
Document Class: article 2014/09/29 v1.4h Standard LaTeX document class
("C:\Program Files\MiKTeX 2.9\tex\latex\base\size11.clo"
File: size11.clo 2014/09/29 v1.4h Standard LaTeX file (size option)
)
\c@part=\count79
\c@section=\count80
\c@subsection=\count81
\c@subsubsection=\count82
\c@paragraph=\count83
\c@subparagraph=\count84
\c@figure=\count85
\c@table=\count86
\abovecaptionskip=\skip41
\belowcaptionskip=\skip42
\bibindent=\dimen102
)
("C:\Program Files\MiKTeX 2.9\tex\latex\base\inputenc.sty"
Package: inputenc 2015/03/17 v1.2c Input encoding file
\inpenc@prehook=\toks14
\inpenc@posthook=\toks15

("C:\Program Files\MiKTeX 2.9\tex\latex\base\utf8.def"
File: utf8.def 2017/01/28 v1.1t UTF-8 support for inputenc
Now handling font encoding OML ...
... no UTF-8 mapping file for font encoding OML
Now handling font encoding T1 ...
... processing UTF-8 mapping file for font encoding T1

("C:\Program Files\MiKTeX 2.9\tex\latex\base\t1enc.dfu"
File: t1enc.dfu 2017/01/28 v1.1t UTF-8 support for inputenc
   defining Unicode char U+00A0 (decimal 160)
   defining Unicode char U+00A1 (decimal 161)
   defining Unicode char U+00A3 (decimal 163)
   defining Unicode char U+00AB (decimal 171)
   defining Unicode char U+00AD (decimal 173)
   defining Unicode char U+00BB (decimal 187)
   defining Unicode char U+00BF (decimal 191)
   defining Unicode char U+00C0 (decimal 192)
   defining Unicode char U+00C1 (decimal 193)
   defining Unicode char U+00C2 (decimal 194)
   defining Unicode char U+00C3 (decimal 195)
   defining Unicode char U+00C4 (decimal 196)
   defining Unicode char U+00C5 (decimal 197)
   defining Unicode char U+00C6 (decimal 198)
   defining Unicode char U+00C7 (decimal 199)
   defining Unicode char U+00C8 (decimal 200)
   defining Unicode char U+00C9 (decimal 201)
   defining Unicode char U+00CA (decimal 202)
   defining Unicode char U+00CB (decimal 203)
   defining Unicode char U+00CC (decimal 204)
   defining Unicode char U+00CD (decimal 205)
   defining Unicode char U+00CE (decimal 206)
   defining Unicode char U+00CF (decimal 207)
   defining Unicode char U+00D0 (decimal 208)
   defining Unicode char U+00D1 (decimal 209)
   defining Unicode char U+00D2 (decimal 210)
   defining Unicode char U+00D3 (decimal 211)
   defining Unicode char U+00D4 (decimal 212)
   defining Unicode char U+00D5 (decimal 213)
   defining Unicode char U+00D6 (decimal 214)
   defining Unicode char U+00D8 (decimal 216)
   defining Unicode char U+00D9 (decimal 217)
   defining Unicode char U+00DA (decimal 218)
   defining Unicode char U+00DB (decimal 219)
   defining Unicode char U+00DC (decimal 220)
   defining Unicode char U+00DD (decimal 221)
   defining Unicode char U+00DE (decimal 222)
   defining Unicode char U+00DF (decimal 223)
   defining Unicode char U+00E0 (decimal 224)
   defining Unicode char U+00E1 (decimal 225)
   defining Unicode char U+00E2 (decimal 226)
   defining Unicode char U+00E3 (decimal 227)
   defining Unicode char U+00E4 (decimal 228)
   defining Unicode char U+00E5 (decimal 229)
   defining Unicode char U+00E6 (decimal 230)
   defining Unicode char U+00E7 (decimal 231)
   defining Unicode char U+00E8 (decimal 232)
   defining Unicode char U+00E9 (decimal 233)
   defining Unicode char U+00EA (decimal 234)
   defining Unicode char U+00EB (decimal 235)
   defining Unicode char U+00EC (decimal 236)
   defining Unicode char U+00ED (decimal 237)
   defining Unicode char U+00EE (decimal 238)
   defining Unicode char U+00EF (decimal 239)
   defining Unicode char U+00F0 (decimal 240)
   defining Unicode char U+00F1 (decimal 241)
   defining Unicode char U+00F2 (decimal 242)
   defining Unicode char U+00F3 (decimal 243)
   defining Unicode char U+00F4 (decimal 244)
   defining Unicode char U+00F5 (decimal 245)
   defining Unicode char U+00F6 (decimal 246)
   defining Unicode char U+00F8 (decimal 248)
   defining Unicode char U+00F9 (decimal 249)
   defining Unicode char U+00FA (decimal 250)
   defining Unicode char U+00FB (decimal 251)
   defining Unicode char U+00FC (decimal 252)
   defining Unicode char U+00FD (decimal 253)
   defining Unicode char U+00FE (decimal 254)
   defining Unicode char U+00FF (decimal 255)
   defining Unicode char U+0100 (decimal 256)
   defining Unicode char U+0101 (decimal 257)
   defining Unicode char U+0102 (decimal 258)
   defining Unicode char U+0103 (decimal 259)
   defining Unicode char U+0104 (decimal 260)
   defining Unicode char U+0105 (decimal 261)
   defining Unicode char U+0106 (decimal 262)
   defining Unicode char U+0107 (decimal 263)
   defining Unicode char U+0108 (decimal 264)
   defining Unicode char U+0109 (decimal 265)
   defining Unicode char U+010A (decimal 266)
   defining Unicode char U+010B (decimal 267)
   defining Unicode char U+010C (decimal 268)
   defining Unicode char U+010D (decimal 269)
   defining Unicode char U+010E (decimal 270)
   defining Unicode char U+010F (decimal 271)
   defining Unicode char U+0110 (decimal 272)
   defining Unicode char U+0111 (decimal 273)
   defining Unicode char U+0112 (decimal 274)
   defining Unicode char U+0113 (decimal 275)
   defining Unicode char U+0114 (decimal 276)
   defining Unicode char U+0115 (decimal 277)
   defining Unicode char U+0116 (decimal 278)
   defining Unicode char U+0117 (decimal 279)
   defining Unicode char U+0118 (decimal 280)
   defining Unicode char U+0119 (decimal 281)
   defining Unicode char U+011A (decimal 282)
   defining Unicode char U+011B (decimal 283)
   defining Unicode char U+011C (decimal 284)
   defining Unicode char U+011D (decimal 285)
   defining Unicode char U+011E (decimal 286)
   defining Unicode char U+011F (decimal 287)
   defining Unicode char U+0120 (decimal 288)
   defining Unicode char U+0121 (decimal 289)
   defining Unicode char U+0122 (decimal 290)
   defining Unicode char U+0123 (decimal 291)
   defining Unicode char U+0124 (decimal 292)
   defining Unicode char U+0125 (decimal 293)
   defining Unicode char U+0128 (decimal 296)
   defining Unicode char U+0129 (decimal 297)
   defining Unicode char U+012A (decimal 298)
   defining Unicode char U+012B (decimal 299)
   defining Unicode char U+012C (decimal 300)
   defining Unicode char U+012D (decimal 301)
   defining Unicode char U+012E (decimal 302)
   defining Unicode char U+012F (decimal 303)
   defining Unicode char U+0130 (decimal 304)
   defining Unicode char U+0131 (decimal 305)
   defining Unicode char U+0132 (decimal 306)
   defining Unicode char U+0133 (decimal 307)
   defining Unicode char U+0134 (decimal 308)
   defining Unicode char U+0135 (decimal 309)
   defining Unicode char U+0136 (decimal 310)
   defining Unicode char U+0137 (decimal 311)
   defining Unicode char U+0139 (decimal 313)
   defining Unicode char U+013A (decimal 314)
   defining Unicode char U+013B (decimal 315)
   defining Unicode char U+013C (decimal 316)
   defining Unicode char U+013D (decimal 317)
   defining Unicode char U+013E (decimal 318)
   defining Unicode char U+0141 (decimal 321)
   defining Unicode char U+0142 (decimal 322)
   defining Unicode char U+0143 (decimal 323)
   defining Unicode char U+0144 (decimal 324)
   defining Unicode char U+0145 (decimal 325)
   defining Unicode char U+0146 (decimal 326)
   defining Unicode char U+0147 (decimal 327)
   defining Unicode char U+0148 (decimal 328)
   defining Unicode char U+014A (decimal 330)
   defining Unicode char U+014B (decimal 331)
   defining Unicode char U+014C (decimal 332)
   defining Unicode char U+014D (decimal 333)
   defining Unicode char U+014E (decimal 334)
   defining Unicode char U+014F (decimal 335)
   defining Unicode char U+0150 (decimal 336)
   defining Unicode char U+0151 (decimal 337)
   defining Unicode char U+0152 (decimal 338)
   defining Unicode char U+0153 (decimal 339)
   defining Unicode char U+0154 (decimal 340)
   defining Unicode char U+0155 (decimal 341)
   defining Unicode char U+0156 (decimal 342)
   defining Unicode char U+0157 (decimal 343)
   defining Unicode char U+0158 (decimal 344)
   defining Unicode char U+0159 (decimal 345)
   defining Unicode char U+015A (decimal 346)
   defining Unicode char U+015B (decimal 347)
   defining Unicode char U+015C (decimal 348)
   defining Unicode char U+015D (decimal 349)
   defining Unicode char U+015E (decimal 350)
   defining Unicode char U+015F (decimal 351)
   defining Unicode char U+0160 (decimal 352)
   defining Unicode char U+0161 (decimal 353)
   defining Unicode char U+0162 (decimal 354)
   defining Unicode char U+0163 (decimal 355)
   defining Unicode char U+0164 (decimal 356)
   defining Unicode char U+0165 (decimal 357)
   defining Unicode char U+0168 (decimal 360)
   defining Unicode char U+0169 (decimal 361)
   defining Unicode char U+016A (decimal 362)
   defining Unicode char U+016B (decimal 363)
   defining Unicode char U+016C (decimal 364)
   defining Unicode char U+016D (decimal 365)
   defining Unicode char U+016E (decimal 366)
   defining Unicode char U+016F (decimal 367)
   defining Unicode char U+0170 (decimal 368)
   defining Unicode char U+0171 (decimal 369)
   defining Unicode char U+0172 (decimal 370)
   defining Unicode char U+0173 (decimal 371)
   defining Unicode char U+0174 (decimal 372)
   defining Unicode char U+0175 (decimal 373)
   defining Unicode char U+0176 (decimal 374)
   defining Unicode char U+0177 (decimal 375)
   defining Unicode char U+0178 (decimal 376)
   defining Unicode char U+0179 (decimal 377)
   defining Unicode char U+017A (decimal 378)
   defining Unicode char U+017B (decimal 379)
   defining Unicode char U+017C (decimal 380)
   defining Unicode char U+017D (decimal 381)
   defining Unicode char U+017E (decimal 382)
   defining Unicode char U+01CD (decimal 461)
   defining Unicode char U+01CE (decimal 462)
   defining Unicode char U+01CF (decimal 463)
   defining Unicode char U+01D0 (decimal 464)
   defining Unicode char U+01D1 (decimal 465)
   defining Unicode char U+01D2 (decimal 466)
   defining Unicode char U+01D3 (decimal 467)
   defining Unicode char U+01D4 (decimal 468)
   defining Unicode char U+01E2 (decimal 482)
   defining Unicode char U+01E3 (decimal 483)
   defining Unicode char U+01E6 (decimal 486)
   defining Unicode char U+01E7 (decimal 487)
   defining Unicode char U+01E8 (decimal 488)
   defining Unicode char U+01E9 (decimal 489)
   defining Unicode char U+01EA (decimal 490)
   defining Unicode char U+01EB (decimal 491)
   defining Unicode char U+01F0 (decimal 496)
   defining Unicode char U+01F4 (decimal 500)
   defining Unicode char U+01F5 (decimal 501)
   defining Unicode char U+0218 (decimal 536)
   defining Unicode char U+0219 (decimal 537)
   defining Unicode char U+021A (decimal 538)
   defining Unicode char U+021B (decimal 539)
   defining Unicode char U+0232 (decimal 562)
   defining Unicode char U+0233 (decimal 563)
   defining Unicode char U+1E02 (decimal 7682)
   defining Unicode char U+1E03 (decimal 7683)
   defining Unicode char U+200C (decimal 8204)
   defining Unicode char U+2010 (decimal 8208)
   defining Unicode char U+2011 (decimal 8209)
   defining Unicode char U+2012 (decimal 8210)
   defining Unicode char U+2013 (decimal 8211)
   defining Unicode char U+2014 (decimal 8212)
   defining Unicode char U+2015 (decimal 8213)
   defining Unicode char U+2018 (decimal 8216)
   defining Unicode char U+2019 (decimal 8217)
   defining Unicode char U+201A (decimal 8218)
   defining Unicode char U+201C (decimal 8220)
   defining Unicode char U+201D (decimal 8221)
   defining Unicode char U+201E (decimal 8222)
   defining Unicode char U+2030 (decimal 8240)
   defining Unicode char U+2031 (decimal 8241)
   defining Unicode char U+2039 (decimal 8249)
   defining Unicode char U+203A (decimal 8250)
   defining Unicode char U+2423 (decimal 9251)
   defining Unicode char U+1E20 (decimal 7712)
   defining Unicode char U+1E21 (decimal 7713)
)
Now handling font encoding OT1 ...
... processing UTF-8 mapping file for font encoding OT1

("C:\Program Files\MiKTeX 2.9\tex\latex\base\ot1enc.dfu"
File: ot1enc.dfu 2017/01/28 v1.1t UTF-8 support for inputenc
   defining Unicode char U+00A0 (decimal 160)
   defining Unicode char U+00A1 (decimal 161)
   defining Unicode char U+00A3 (decimal 163)
   defining Unicode char U+00AD (decimal 173)
   defining Unicode char U+00B8 (decimal 184)
   defining Unicode char U+00BF (decimal 191)
   defining Unicode char U+00C5 (decimal 197)
   defining Unicode char U+00C6 (decimal 198)
   defining Unicode char U+00D8 (decimal 216)
   defining Unicode char U+00DF (decimal 223)
   defining Unicode char U+00E6 (decimal 230)
   defining Unicode char U+00EC (decimal 236)
   defining Unicode char U+00ED (decimal 237)
   defining Unicode char U+00EE (decimal 238)
   defining Unicode char U+00EF (decimal 239)
   defining Unicode char U+00F8 (decimal 248)
   defining Unicode char U+0131 (decimal 305)
   defining Unicode char U+0141 (decimal 321)
   defining Unicode char U+0142 (decimal 322)
   defining Unicode char U+0152 (decimal 338)
   defining Unicode char U+0153 (decimal 339)
   defining Unicode char U+0174 (decimal 372)
   defining Unicode char U+0175 (decimal 373)
   defining Unicode char U+0176 (decimal 374)
   defining Unicode char U+0177 (decimal 375)
   defining Unicode char U+0218 (decimal 536)
   defining Unicode char U+0219 (decimal 537)
   defining Unicode char U+021A (decimal 538)
   defining Unicode char U+021B (decimal 539)
   defining Unicode char U+2013 (decimal 8211)
   defining Unicode char U+2014 (decimal 8212)
   defining Unicode char U+2018 (decimal 8216)
   defining Unicode char U+2019 (decimal 8217)
   defining Unicode char U+201C (decimal 8220)
   defining Unicode char U+201D (decimal 8221)
)
Now handling font encoding OMS ...
... processing UTF-8 mapping file for font encoding OMS

("C:\Program Files\MiKTeX 2.9\tex\latex\base\omsenc.dfu"
File: omsenc.dfu 2017/01/28 v1.1t UTF-8 support for inputenc
   defining Unicode char U+00A7 (decimal 167)
   defining Unicode char U+00B6 (decimal 182)
   defining Unicode char U+00B7 (decimal 183)
   defining Unicode char U+2020 (decimal 8224)
   defining Unicode char U+2021 (decimal 8225)
   defining Unicode char U+2022 (decimal 8226)
)
Now handling font encoding OMX ...
... no UTF-8 mapping file for font encoding OMX
Now handling font encoding U ...
... no UTF-8 mapping file for font encoding U
   defining Unicode char U+00A9 (decimal 169)
   defining Unicode char U+00AA (decimal 170)
   defining Unicode char U+00AE (decimal 174)
   defining Unicode char U+00BA (decimal 186)
   defining Unicode char U+02C6 (decimal 710)
   defining Unicode char U+02DC (decimal 732)
   defining Unicode char U+200C (decimal 8204)
   defining Unicode char U+2026 (decimal 8230)
   defining Unicode char U+2122 (decimal 8482)
   defining Unicode char U+2423 (decimal 9251)
))
("C:\Program Files\MiKTeX 2.9\tex\latex\geometry\geometry.sty"
Package: geometry 2010/09/12 v5.6 Page Geometry

("C:\Program Files\MiKTeX 2.9\tex\latex\graphics\keyval.sty"
Package: keyval 2014/10/28 v1.15 key=value parser (DPC)
\KV@toks@=\toks16
)
("C:\Program Files\MiKTeX 2.9\tex\generic\oberdiek\ifpdf.sty"
Package: ifpdf 2017/03/15 v3.2 Provides the ifpdf switch
)
("C:\Program Files\MiKTeX 2.9\tex\generic\oberdiek\ifvtex.sty"
Package: ifvtex 2016/05/16 v1.6 Detect VTeX and its facilities (HO)
Package ifvtex Info: VTeX not detected.
)
("C:\Program Files\MiKTeX 2.9\tex\generic\ifxetex\ifxetex.sty"
Package: ifxetex 2010/09/12 v0.6 Provides ifxetex conditional
)
\Gm@cnth=\count87
\Gm@cntv=\count88
\c@Gm@tempcnt=\count89
\Gm@bindingoffset=\dimen103
\Gm@wd@mp=\dimen104
\Gm@odd@mp=\dimen105
\Gm@even@mp=\dimen106
\Gm@layoutwidth=\dimen107
\Gm@layoutheight=\dimen108
\Gm@layouthoffset=\dimen109
\Gm@layoutvoffset=\dimen110
\Gm@dimlist=\toks17

("C:\Program Files\MiKTeX 2.9\tex\latex\geometry\geometry.cfg"))
("C:\Program Files\MiKTeX 2.9\tex\latex\graphics\graphicx.sty"
Package: graphicx 2017/06/01 v1.1a Enhanced LaTeX Graphics (DPC,SPQR)

("C:\Program Files\MiKTeX 2.9\tex\latex\graphics\graphics.sty"
Package: graphics 2017/06/25 v1.2c Standard LaTeX Graphics (DPC,SPQR)

("C:\Program Files\MiKTeX 2.9\tex\latex\graphics\trig.sty"
Package: trig 2016/01/03 v1.10 sin cos tan (DPC)
)
("C:\Program Files\MiKTeX 2.9\tex\latex\graphics-cfg\graphics.cfg"
File: graphics.cfg 2016/06/04 v1.11 sample graphics configuration
)
Package graphics Info: Driver file: pdftex.def on input line 99.

("C:\Program Files\MiKTeX 2.9\tex\latex\graphics-def\pdftex.def"
File: pdftex.def 2018/01/08 v1.0l Graphics/color driver for pdftex
))
\Gin@req@height=\dimen111
\Gin@req@width=\dimen112
)
("C:\Program Files\MiKTeX 2.9\tex\latex\booktabs\booktabs.sty"
Package: booktabs 2005/04/14 v1.61803 publication quality tables
\heavyrulewidth=\dimen113
\lightrulewidth=\dimen114
\cmidrulewidth=\dimen115
\belowrulesep=\dimen116
\belowbottomsep=\dimen117
\aboverulesep=\dimen118
\abovetopsep=\dimen119
\cmidrulesep=\dimen120
\cmidrulekern=\dimen121
\defaultaddspace=\dimen122
\@cmidla=\count90
\@cmidlb=\count91
\@aboverulesep=\dimen123
\@belowrulesep=\dimen124
\@thisruleclass=\count92
\@lastruleclass=\count93
\@thisrulewidth=\dimen125
)
("C:\Program Files\MiKTeX 2.9\tex\latex\tools\array.sty"
Package: array 2016/10/06 v2.4d Tabular extension package (FMi)
\col@sep=\dimen126
\extrarowheight=\dimen127
\NC@list=\toks18
\extratabsurround=\skip43
\backup@length=\skip44
)
("C:\Program Files\MiKTeX 2.9\tex\latex\paralist\paralist.sty"
Package: paralist 2017/01/22 v2.7 Extended list environments
\pltopsep=\skip45
\plpartopsep=\skip46
\plitemsep=\skip47
\plparsep=\skip48
\pl@lab=\toks19
)
("C:\Program Files\MiKTeX 2.9\tex\latex\tools\verbatim.sty"
Package: verbatim 2014/10/28 v1.5q LaTeX2e package for verbatim enhancements
\every@verbatim=\toks20
\verbatim@line=\toks21
\verbatim@in@stream=\read1
)
("C:\Program Files\MiKTeX 2.9\tex\latex\subfig\subfig.sty"
Package: subfig 2005/06/28 ver: 1.3 subfig package

("C:\Program Files\MiKTeX 2.9\tex\latex\caption\caption.sty"
Package: caption 2016/02/21 v3.3-144 Customizing captions (AR)

("C:\Program Files\MiKTeX 2.9\tex\latex\caption\caption3.sty"
Package: caption3 2016/05/22 v1.7-166 caption3 kernel (AR)
Package caption3 Info: TeX engine: e-TeX on input line 67.
\captionmargin=\dimen128
\captionmargin@=\dimen129
\captionwidth=\dimen130
\caption@tempdima=\dimen131
\caption@indent=\dimen132
\caption@parindent=\dimen133
\caption@hangindent=\dimen134
)
\c@ContinuedFloat=\count94
)
\c@KVtest=\count95
\sf@farskip=\skip49
\sf@captopadj=\dimen135
\sf@capskip=\skip50
\sf@nearskip=\skip51
\c@subfigure=\count96
\c@subfigure@save=\count97
\c@lofdepth=\count98
\c@subtable=\count99
\c@subtable@save=\count100
\c@lotdepth=\count101
\sf@top=\skip52
\sf@bottom=\skip53
)
("C:\Program Files\MiKTeX 2.9\tex\latex\xcolor\xcolor.sty"
Package: xcolor 2016/05/11 v2.12 LaTeX color extensions (UK)

("C:\Program Files\MiKTeX 2.9\tex\latex\graphics-cfg\color.cfg"
File: color.cfg 2016/01/02 v1.6 sample color configuration
)
Package xcolor Info: Driver file: pdftex.def on input line 225.
Package xcolor Info: Model `cmy' substituted by `cmy0' on input line 1348.
Package xcolor Info: Model `hsb' substituted by `rgb' on input line 1352.
Package xcolor Info: Model `RGB' extended on input line 1364.
Package xcolor Info: Model `HTML' substituted by `rgb' on input line 1366.
Package xcolor Info: Model `Hsb' substituted by `hsb' on input line 1367.
Package xcolor Info: Model `tHsb' substituted by `hsb' on input line 1368.
Package xcolor Info: Model `HSB' substituted by `hsb' on input line 1369.
Package xcolor Info: Model `Gray' substituted by `gray' on input line 1370.
Package xcolor Info: Model `wave' substituted by `hsb' on input line 1371.

("C:\Program Files\MiKTeX 2.9\tex\latex\graphics\dvipsnam.def"
File: dvipsnam.def 2016/06/17 v3.0m Driver-dependent file (DPC,SPQR)
))
("C:\Program Files\MiKTeX 2.9\tex\latex\fancyvrb\fancyvrb.sty"
Package: fancyvrb 2008/02/07

Style option: `fancyvrb' v2.7a, with DG/SPQR fixes, and firstline=lastline fix 
<2008/02/07> (tvz)
\FV@CodeLineNo=\count102
\FV@InFile=\read2
\FV@TabBox=\box26
\c@FancyVerbLine=\count103
\FV@StepNumber=\count104
\FV@OutFile=\write3
)
("C:\Program Files\MiKTeX 2.9\tex\latex\fancyhdr\fancyhdr.sty"
Package: fancyhdr 2017/06/30 v3.9a Extensive control of page headers and footer
s
\f@nch@headwidth=\skip54
\f@nch@O@elh=\skip55
\f@nch@O@erh=\skip56
\f@nch@O@olh=\skip57
\f@nch@O@orh=\skip58
\f@nch@O@elf=\skip59
\f@nch@O@erf=\skip60
\f@nch@O@olf=\skip61
\f@nch@O@orf=\skip62
)
("C:\Program Files\MiKTeX 2.9\tex\latex\sectsty\sectsty.sty"
Package: sectsty 2002/02/25 v2.0.2 Commands to change all sectional heading sty
les
)
("C:\Program Files\MiKTeX 2.9\tex\latex\tocbibind\tocbibind.sty"
Package: tocbibind 2010/10/13 v1.5k extra ToC listings
Package tocbibind Info: The document has section divisions on input line 50.


Package tocbibind Note: Using section or other style headings.

) ("C:\Program Files\MiKTeX 2.9\tex\latex\tocloft\tocloft.sty"
Package: tocloft 2017/08/31 v2.3i parameterised ToC, etc., typesetting
Package tocloft Info: The document has section divisions on input line 51.
\cftparskip=\skip63
\cftbeforetoctitleskip=\skip64
\cftaftertoctitleskip=\skip65
\cftbeforepartskip=\skip66
\cftpartnumwidth=\skip67
\cftpartindent=\skip68
\cftbeforesecskip=\skip69
\cftsecindent=\skip70
\cftsecnumwidth=\skip71
\cftbeforesubsecskip=\skip72
\cftsubsecindent=\skip73
\cftsubsecnumwidth=\skip74
\cftbeforesubsubsecskip=\skip75
\cftsubsubsecindent=\skip76
\cftsubsubsecnumwidth=\skip77
\cftbeforeparaskip=\skip78
\cftparaindent=\skip79
\cftparanumwidth=\skip80
\cftbeforesubparaskip=\skip81
\cftsubparaindent=\skip82
\cftsubparanumwidth=\skip83
\cftbeforeloftitleskip=\skip84
\cftafterloftitleskip=\skip85
\cftbeforefigskip=\skip86
\cftfigindent=\skip87
\cftfignumwidth=\skip88
\cftbeforelottitleskip=\skip89
\cftafterlottitleskip=\skip90
\cftbeforetabskip=\skip91
\cfttabindent=\skip92
\cfttabnumwidth=\skip93
\cftbeforesubfigskip=\skip94
\cftsubfigindent=\skip95
\cftsubfignumwidth=\skip96
\cftbeforesubtabskip=\skip97
\cftsubtabindent=\skip98
\cftsubtabnumwidth=\skip99
)
("C:\Program Files\MiKTeX 2.9\tex\latex\listings\listings.sty"
\lst@mode=\count105
\lst@gtempboxa=\box27
\lst@token=\toks22
\lst@length=\count106
\lst@currlwidth=\dimen136
\lst@column=\count107
\lst@pos=\count108
\lst@lostspace=\dimen137
\lst@width=\dimen138
\lst@newlines=\count109
\lst@lineno=\count110
\lst@maxwidth=\dimen139

("C:\Program Files\MiKTeX 2.9\tex\latex\listings\lstmisc.sty"
File: lstmisc.sty 2015/06/04 1.6 (Carsten Heinz)
\c@lstnumber=\count111
\lst@skipnumbers=\count112
\lst@framebox=\box28
)
("C:\Program Files\MiKTeX 2.9\tex\latex\listings\listings.cfg"
File: listings.cfg 2015/06/04 1.6 listings configuration
))
Package: listings 2015/06/04 1.6 (Carsten Heinz)
 (HW05.aux)
\openout1 = `HW05.aux'.

LaTeX Font Info:    Checking defaults for OML/cmm/m/it on input line 71.
LaTeX Font Info:    ... okay on input line 71.
LaTeX Font Info:    Checking defaults for T1/cmr/m/n on input line 71.
LaTeX Font Info:    ... okay on input line 71.
LaTeX Font Info:    Checking defaults for OT1/cmr/m/n on input line 71.
LaTeX Font Info:    ... okay on input line 71.
LaTeX Font Info:    Checking defaults for OMS/cmsy/m/n on input line 71.
LaTeX Font Info:    ... okay on input line 71.
LaTeX Font Info:    Checking defaults for OMX/cmex/m/n on input line 71.
LaTeX Font Info:    ... okay on input line 71.
LaTeX Font Info:    Checking defaults for U/cmr/m/n on input line 71.
LaTeX Font Info:    ... okay on input line 71.

*geometry* driver: auto-detecting
*geometry* detected driver: pdftex
*geometry* verbose mode - [ preamble ] result:
* driver: pdftex
* paper: a4paper
* layout: <same size as paper>
* layoutoffset:(h,v)=(0.0pt,0.0pt)
* modes: 
* h-part:(L,W,R)=(89.62709pt, 418.25368pt, 89.6271pt)
* v-part:(T,H,B)=(101.40665pt, 591.5302pt, 152.11pt)
* \paperwidth=597.50787pt
* \paperheight=845.04684pt
* \textwidth=418.25368pt
* \textheight=591.5302pt
* \oddsidemargin=17.3571pt
* \evensidemargin=17.3571pt
* \topmargin=-7.86334pt
* \headheight=12.0pt
* \headsep=25.0pt
* \topskip=11.0pt
* \footskip=30.0pt
* \marginparwidth=59.0pt
* \marginparsep=10.0pt
* \columnsep=10.0pt
* \skip\footins=10.0pt plus 4.0pt minus 2.0pt
* \hoffset=0.0pt
* \voffset=0.0pt
* \mag=1000
* \@twocolumnfalse
* \@twosidefalse
* \@mparswitchfalse
* \@reversemarginfalse
* (1in=72.27pt=25.4mm, 1cm=28.453pt)

("C:\Program Files\MiKTeX 2.9\tex\context\base\supp-pdf.mkii"
[Loading MPS to PDF converter (version 2006.09.02).]
\scratchcounter=\count113
\scratchdimen=\dimen140
\scratchbox=\box29
\nofMPsegments=\count114
\nofMParguments=\count115
\everyMPshowfont=\toks23
\MPscratchCnt=\count116
\MPscratchDim=\dimen141
\MPnumerator=\count117
\makeMPintoPDFobject=\count118
\everyMPtoPDFconversion=\toks24
) ("C:\Program Files\MiKTeX 2.9\tex\latex\oberdiek\epstopdf-base.sty"
Package: epstopdf-base 2016/05/15 v2.6 Base part for package epstopdf

("C:\Program Files\MiKTeX 2.9\tex\generic\oberdiek\infwarerr.sty"
Package: infwarerr 2016/05/16 v1.4 Providing info/warning/error messages (HO)
)
("C:\Program Files\MiKTeX 2.9\tex\latex\oberdiek\grfext.sty"
Package: grfext 2016/05/16 v1.2 Manage graphics extensions (HO)

("C:\Program Files\MiKTeX 2.9\tex\generic\oberdiek\kvdefinekeys.sty"
Package: kvdefinekeys 2016/05/16 v1.4 Define keys (HO)

("C:\Program Files\MiKTeX 2.9\tex\generic\oberdiek\ltxcmds.sty"
Package: ltxcmds 2016/05/16 v1.23 LaTeX kernel commands for general use (HO)
)))
("C:\Program Files\MiKTeX 2.9\tex\latex\oberdiek\kvoptions.sty"
Package: kvoptions 2016/05/16 v3.12 Key value format for package options (HO)

("C:\Program Files\MiKTeX 2.9\tex\generic\oberdiek\kvsetkeys.sty"
Package: kvsetkeys 2016/05/16 v1.17 Key value parser (HO)

("C:\Program Files\MiKTeX 2.9\tex\generic\oberdiek\etexcmds.sty"
Package: etexcmds 2016/05/16 v1.6 Avoid name clashes with e-TeX commands (HO)

("C:\Program Files\MiKTeX 2.9\tex\generic\oberdiek\ifluatex.sty"
Package: ifluatex 2016/05/16 v1.4 Provides the ifluatex switch (HO)
Package ifluatex Info: LuaTeX not detected.
)
Package etexcmds Info: Could not find \expanded.
(etexcmds)             That can mean that you are not using pdfTeX 1.50 or
(etexcmds)             that some package has redefined \expanded.
(etexcmds)             In the latter case, load this package earlier.
)))
("C:\Program Files\MiKTeX 2.9\tex\generic\oberdiek\pdftexcmds.sty"
Package: pdftexcmds 2017/03/19 v0.25 Utility functions of pdfTeX for LuaTeX (HO
)
Package pdftexcmds Info: LuaTeX not detected.
Package pdftexcmds Info: \pdf@primitive is available.
Package pdftexcmds Info: \pdf@ifprimitive is available.
Package pdftexcmds Info: \pdfdraftmode found.
)
Package epstopdf-base Info: Redefining graphics rule for `.eps' on input line 4
38.
Package grfext Info: Graphics extension search list:
(grfext)             [.pdf,.png,.jpg,.mps,.jpeg,.jbig2,.jb2,.PDF,.PNG,.JPG,.JPE
G,.JBIG2,.JB2,.eps]
(grfext)             \AppendGraphicsExtensions on input line 456.
)
Package caption Info: Begin \AtBeginDocument code.
Package caption Info: subfig package v1.3 is loaded.
Package caption Info: listings package is loaded.
Package caption Info: End \AtBeginDocument code.
\c@lstlisting=\count119
LaTeX Font Info:    External font `cmex10' loaded for size
(Font)              <12> on input line 72.
LaTeX Font Info:    External font `cmex10' loaded for size
(Font)              <8> on input line 72.
LaTeX Font Info:    External font `cmex10' loaded for size
(Font)              <6> on input line 72.

("C:\Program Files\MiKTeX 2.9\tex\latex\listings\lstlang1.sty"
File: lstlang1.sty 2015/06/04 1.6 listings language file
) (HW5_1a.m
LaTeX Font Info:    External font `cmex10' loaded for size
(Font)              <10.95> on input line 14.

[1

{C:/ProgramData/MiKTeX/2.9/pdftex/config/pdftex.map}]
LaTeX Font Info:    Try loading font information for OMS+cmr on input line 66.

("C:\Program Files\MiKTeX 2.9\tex\latex\base\omscmr.fd"
File: omscmr.fd 2014/09/29 v2.5h Standard LaTeX font definitions
)
LaTeX Font Info:    Font shape `OMS/cmr/m/n' in size <10.95> not available
(Font)              Font shape `OMS/cmsy/m/n' tried instead on input line 66.
 [2])
<1aa.png, id=14, 421.575pt x 316.0608pt>
File: 1aa.png Graphic file (type png)
<use 1aa.png>
Package pdftex.def Info: 1aa.png  used on input line 114.
(pdftex.def)             Requested size: 421.57396pt x 316.06003pt.
<1ab.png, id=15, 421.575pt x 316.0608pt>
File: 1ab.png Graphic file (type png)
<use 1ab.png>
Package pdftex.def Info: 1ab.png  used on input line 115.
(pdftex.def)             Requested size: 421.57396pt x 316.06003pt.

Overfull \hbox (3.32028pt too wide) in paragraph at lines 114--116
 [][] 
 []


Overfull \hbox (3.32028pt too wide) in paragraph at lines 114--116
 [] 
 []


LaTeX Warning: Float too large for page by 41.58986pt on input line 116.

<1ac.png, id=16, 421.575pt x 316.0608pt>
File: 1ac.png Graphic file (type png)
<use 1ac.png>
Package pdftex.def Info: 1ac.png  used on input line 119.
(pdftex.def)             Requested size: 421.57396pt x 316.06003pt.

Overfull \hbox (3.32028pt too wide) in paragraph at lines 119--120
 [][] 
 []

[3] [4 <./1aa.png (PNG copy)> <./1ab.png (PNG copy)>] [5 <./1ac.png (PNG copy)>
] (HW5_1b.m [6

] [7] [8])
<1ba.png, id=36, 421.575pt x 316.0608pt>
File: 1ba.png Graphic file (type png)
<use 1ba.png>
Package pdftex.def Info: 1ba.png  used on input line 129.
(pdftex.def)             Requested size: 421.57396pt x 316.06003pt.
<1bb.png, id=37, 227.4096pt x 166.221pt>
File: 1bb.png Graphic file (type png)
<use 1bb.png>
Package pdftex.def Info: 1bb.png  used on input line 130.
(pdftex.def)             Requested size: 227.40904pt x 166.22057pt.

Overfull \hbox (3.32028pt too wide) in paragraph at lines 129--131
 [][] 
 []

<1bc.png, id=38, 421.575pt x 316.0608pt>
File: 1bc.png Graphic file (type png)
<use 1bc.png>
Package pdftex.def Info: 1bc.png  used on input line 134.
(pdftex.def)             Requested size: 421.57396pt x 316.06003pt.
<1bd.png, id=39, 421.575pt x 316.0608pt>
File: 1bd.png Graphic file (type png)
<use 1bd.png>
Package pdftex.def Info: 1bd.png  used on input line 135.
(pdftex.def)             Requested size: 421.57396pt x 316.06003pt.

Overfull \hbox (3.32028pt too wide) in paragraph at lines 134--136
 [][] 
 []


Overfull \hbox (3.32028pt too wide) in paragraph at lines 134--136
 [] 
 []


LaTeX Warning: Float too large for page by 41.58986pt on input line 136.

<1be.png, id=40, 419.166pt x 358.4592pt>
File: 1be.png Graphic file (type png)
<use 1be.png>
Package pdftex.def Info: 1be.png  used on input line 139.
(pdftex.def)             Requested size: 419.16498pt x 358.45831pt.
<1bf.png, id=41, 419.166pt x 358.4592pt>
File: 1bf.png Graphic file (type png)
<use 1bf.png>
Package pdftex.def Info: 1bf.png  used on input line 140.
(pdftex.def)             Requested size: 419.16498pt x 358.45831pt.

Overfull \hbox (0.9113pt too wide) in paragraph at lines 139--141
 [][] 
 []


Overfull \hbox (0.9113pt too wide) in paragraph at lines 139--141
 [] 
 []


LaTeX Warning: Float too large for page by 126.38643pt on input line 141.

<1bg.png, id=42, 421.575pt x 316.0608pt>
File: 1bg.png Graphic file (type png)
<use 1bg.png>
Package pdftex.def Info: 1bg.png  used on input line 144.
(pdftex.def)             Requested size: 421.57396pt x 316.06003pt.
<1bh.png, id=43, 421.575pt x 316.0608pt>
File: 1bh.png Graphic file (type png)
<use 1bh.png>
Package pdftex.def Info: 1bh.png  used on input line 145.
(pdftex.def)             Requested size: 421.57396pt x 316.06003pt.

Overfull \hbox (3.32028pt too wide) in paragraph at lines 144--146
 [][] 
 []


Overfull \hbox (3.32028pt too wide) in paragraph at lines 144--146
 [] 
 []


LaTeX Warning: Float too large for page by 41.58986pt on input line 146.

[9] [10 <./1ba.png (PNG copy)> <./1bb.png (PNG copy)>] [11 <./1bc.png (PNG copy
)> <./1bd.png (PNG copy)>] [12 <./1be.png (PNG copy)> <./1bf.png (PNG copy)>]
[13 <./1bg.png (PNG copy)> <./1bh.png (PNG copy)>] (HW5_1c.m [14

] [15])
<1ca.png, id=66, 421.575pt x 316.0608pt>
File: 1ca.png Graphic file (type png)
<use 1ca.png>
Package pdftex.def Info: 1ca.png  used on input line 155.
(pdftex.def)             Requested size: 421.57396pt x 316.06003pt.
<1cb.png, id=67, 421.575pt x 316.0608pt>
File: 1cb.png Graphic file (type png)
<use 1cb.png>
Package pdftex.def Info: 1cb.png  used on input line 156.
(pdftex.def)             Requested size: 421.57396pt x 316.06003pt.

Overfull \hbox (3.32028pt too wide) in paragraph at lines 155--157
 [][] 
 []


Overfull \hbox (3.32028pt too wide) in paragraph at lines 155--157
 [] 
 []


LaTeX Warning: Float too large for page by 41.58986pt on input line 157.

<1cc.png, id=68, 421.575pt x 316.0608pt>
File: 1cc.png Graphic file (type png)
<use 1cc.png>
Package pdftex.def Info: 1cc.png  used on input line 160.
(pdftex.def)             Requested size: 421.57396pt x 316.06003pt.
<1cd.png, id=69, 421.575pt x 316.0608pt>
File: 1cd.png Graphic file (type png)
<use 1cd.png>
Package pdftex.def Info: 1cd.png  used on input line 161.
(pdftex.def)             Requested size: 421.57396pt x 316.06003pt.

Overfull \hbox (3.32028pt too wide) in paragraph at lines 160--162
 [][] 
 []


Overfull \hbox (3.32028pt too wide) in paragraph at lines 160--162
 [] 
 []


LaTeX Warning: Float too large for page by 41.58986pt on input line 162.

<1ce.png, id=70, 421.575pt x 316.0608pt>
File: 1ce.png Graphic file (type png)
<use 1ce.png>
Package pdftex.def Info: 1ce.png  used on input line 165.
(pdftex.def)             Requested size: 421.57396pt x 316.06003pt.
<1cf.png, id=71, 421.575pt x 316.0608pt>
File: 1cf.png Graphic file (type png)
<use 1cf.png>
Package pdftex.def Info: 1cf.png  used on input line 166.
(pdftex.def)             Requested size: 421.57396pt x 316.06003pt.

Overfull \hbox (3.32028pt too wide) in paragraph at lines 165--167
 [][] 
 []


Overfull \hbox (3.32028pt too wide) in paragraph at lines 165--167
 [] 
 []


LaTeX Warning: Float too large for page by 41.58986pt on input line 167.

[16] [17 <./1ca.png (PNG copy)> <./1cb.png (PNG copy)>] [18 <./1cc.png (PNG cop
y)> <./1cd.png (PNG copy)>] [19 <./1ce.png (PNG copy)> <./1cf.png (PNG copy)>]
(HW5_2a.m [20

])
<2aa.png, id=88, 421.575pt x 316.0608pt>
File: 2aa.png Graphic file (type png)
<use 2aa.png>
Package pdftex.def Info: 2aa.png  used on input line 180.
(pdftex.def)             Requested size: 421.57396pt x 316.06003pt.
<2ab.png, id=89, 421.575pt x 316.0608pt>
File: 2ab.png Graphic file (type png)
<use 2ab.png>
Package pdftex.def Info: 2ab.png  used on input line 181.
(pdftex.def)             Requested size: 421.57396pt x 316.06003pt.

Overfull \hbox (3.32028pt too wide) in paragraph at lines 180--182
 [][] 
 []


Overfull \hbox (3.32028pt too wide) in paragraph at lines 180--182
 [] 
 []


LaTeX Warning: Float too large for page by 41.58986pt on input line 182.

<2ac.png, id=90, 421.575pt x 316.0608pt>
File: 2ac.png Graphic file (type png)
<use 2ac.png>
Package pdftex.def Info: 2ac.png  used on input line 185.
(pdftex.def)             Requested size: 421.57396pt x 316.06003pt.

Overfull \hbox (3.32028pt too wide) in paragraph at lines 185--186
 [][] 
 []

[21] [22 <./2aa.png (PNG copy)> <./2ab.png (PNG copy)>] [23 <./2ac.png (PNG cop
y)>] (HW5_2b.m [24

]
LaTeX Font Info:    Try loading font information for OML+cmr on input line 74.
 ("C:\Program Files\MiKTeX 2.9\tex\latex\base\omlcmr.fd"
File: omlcmr.fd 2014/09/29 v2.5h Standard LaTeX font definitions
)
LaTeX Font Info:    Font shape `OML/cmr/m/n' in size <10.95> not available
(Font)              Font shape `OML/cmm/m/it' tried instead on input line 74.

[25] [26] [27]) [28]
<2ba.png, id=118, 421.575pt x 316.0608pt>
File: 2ba.png Graphic file (type png)
<use 2ba.png>
Package pdftex.def Info: 2ba.png  used on input line 200.
(pdftex.def)             Requested size: 421.57396pt x 316.06003pt.
<2bb.png, id=119, 421.575pt x 316.0608pt>
File: 2bb.png Graphic file (type png)
<use 2bb.png>
Package pdftex.def Info: 2bb.png  used on input line 201.
(pdftex.def)             Requested size: 421.57396pt x 316.06003pt.

Overfull \hbox (3.32028pt too wide) in paragraph at lines 200--202
 [][] 
 []


Overfull \hbox (3.32028pt too wide) in paragraph at lines 200--202
 [] 
 []


LaTeX Warning: Float too large for page by 41.58986pt on input line 202.

<2bc.png, id=120, 421.575pt x 316.0608pt>
File: 2bc.png Graphic file (type png)
<use 2bc.png>
Package pdftex.def Info: 2bc.png  used on input line 205.
(pdftex.def)             Requested size: 421.57396pt x 316.06003pt.
<2bd.png, id=121, 323.7696pt x 262.581pt>
File: 2bd.png Graphic file (type png)
<use 2bd.png>
Package pdftex.def Info: 2bd.png  used on input line 206.
(pdftex.def)             Requested size: 323.76881pt x 262.58034pt.

Overfull \hbox (3.32028pt too wide) in paragraph at lines 205--207
 [][] 
 []

<2be.png, id=122, 421.575pt x 316.0608pt>
File: 2be.png Graphic file (type png)
<use 2be.png>
Package pdftex.def Info: 2be.png  used on input line 210.
(pdftex.def)             Requested size: 421.57396pt x 316.06003pt.
<2bf.png, id=123, 421.575pt x 316.0608pt>
File: 2bf.png Graphic file (type png)
<use 2bf.png>
Package pdftex.def Info: 2bf.png  used on input line 211.
(pdftex.def)             Requested size: 421.57396pt x 316.06003pt.

Overfull \hbox (3.32028pt too wide) in paragraph at lines 210--212
 [][] 
 []


Overfull \hbox (3.32028pt too wide) in paragraph at lines 210--212
 [] 
 []


LaTeX Warning: Float too large for page by 41.58986pt on input line 212.

<2bg.png, id=124, 421.575pt x 316.0608pt>
File: 2bg.png Graphic file (type png)
<use 2bg.png>
Package pdftex.def Info: 2bg.png  used on input line 215.
(pdftex.def)             Requested size: 421.57396pt x 316.06003pt.

Overfull \hbox (3.32028pt too wide) in paragraph at lines 215--216
 [][] 
 []

[29] [30 <./2ba.png (PNG copy)> <./2bb.png (PNG copy)>] [31 <./2bc.png (PNG cop
y)> <./2bd.png (PNG copy)>] [32 <./2be.png (PNG copy)> <./2bf.png (PNG copy)>]
[33 <./2bg.png (PNG copy)>] (HW5_2c.m [34

] [35] [36] [37]) [38]
<2ca.png, id=157, 421.575pt x 316.0608pt>
File: 2ca.png Graphic file (type png)
<use 2ca.png>
Package pdftex.def Info: 2ca.png  used on input line 230.
(pdftex.def)             Requested size: 421.57396pt x 316.06003pt.
<2cb.png, id=158, 421.575pt x 316.0608pt>
File: 2cb.png Graphic file (type png)
<use 2cb.png>
Package pdftex.def Info: 2cb.png  used on input line 231.
(pdftex.def)             Requested size: 421.57396pt x 316.06003pt.

Overfull \hbox (3.32028pt too wide) in paragraph at lines 230--232
 [][] 
 []


Overfull \hbox (3.32028pt too wide) in paragraph at lines 230--232
 [] 
 []


LaTeX Warning: Float too large for page by 41.58986pt on input line 232.

<2cc.png, id=159, 421.575pt x 316.0608pt>
File: 2cc.png Graphic file (type png)
<use 2cc.png>
Package pdftex.def Info: 2cc.png  used on input line 235.
(pdftex.def)             Requested size: 421.57396pt x 316.06003pt.
<2cd.png, id=160, 421.575pt x 316.0608pt>
File: 2cd.png Graphic file (type png)
<use 2cd.png>
Package pdftex.def Info: 2cd.png  used on input line 236.
(pdftex.def)             Requested size: 421.57396pt x 316.06003pt.

Overfull \hbox (3.32028pt too wide) in paragraph at lines 235--237
 [][] 
 []


Overfull \hbox (3.32028pt too wide) in paragraph at lines 235--237
 [] 
 []


LaTeX Warning: Float too large for page by 41.58986pt on input line 237.

<2ce.png, id=161, 421.575pt x 316.0608pt>
File: 2ce.png Graphic file (type png)
<use 2ce.png>
Package pdftex.def Info: 2ce.png  used on input line 240.
(pdftex.def)             Requested size: 421.57396pt x 316.06003pt.
<2cf.png, id=162, 421.575pt x 316.0608pt>
File: 2cf.png Graphic file (type png)
<use 2cf.png>
Package pdftex.def Info: 2cf.png  used on input line 241.
(pdftex.def)             Requested size: 421.57396pt x 316.06003pt.

Overfull \hbox (3.32028pt too wide) in paragraph at lines 240--242
 [][] 
 []


Overfull \hbox (3.32028pt too wide) in paragraph at lines 240--242
 [] 
 []


LaTeX Warning: Float too large for page by 41.58986pt on input line 242.

[39] [40 <./2ca.png (PNG copy)> <./2cb.png (PNG copy)>] [41 <./2cc.png (PNG cop
y)> <./2cd.png (PNG copy)>] [42 <./2ce.png (PNG copy)> <./2cf.png (PNG copy)>]
(HW5_2d.m [43

] [44] [45] [46]) [47]
<2da.png, id=191, 421.575pt x 316.0608pt>
File: 2da.png Graphic file (type png)
<use 2da.png>
Package pdftex.def Info: 2da.png  used on input line 255.
(pdftex.def)             Requested size: 421.57396pt x 316.06003pt.
<2db.png, id=192, 421.575pt x 316.0608pt>
File: 2db.png Graphic file (type png)
<use 2db.png>
Package pdftex.def Info: 2db.png  used on input line 256.
(pdftex.def)             Requested size: 421.57396pt x 316.06003pt.

Overfull \hbox (3.32028pt too wide) in paragraph at lines 255--257
 [][] 
 []


Overfull \hbox (3.32028pt too wide) in paragraph at lines 255--257
 [] 
 []


LaTeX Warning: Float too large for page by 41.58986pt on input line 257.

<2dc.png, id=193, 421.575pt x 316.0608pt>
File: 2dc.png Graphic file (type png)
<use 2dc.png>
Package pdftex.def Info: 2dc.png  used on input line 260.
(pdftex.def)             Requested size: 421.57396pt x 316.06003pt.
<2dd.png, id=194, 421.575pt x 316.0608pt>
File: 2dd.png Graphic file (type png)
<use 2dd.png>
Package pdftex.def Info: 2dd.png  used on input line 261.
(pdftex.def)             Requested size: 421.57396pt x 316.06003pt.

Overfull \hbox (3.32028pt too wide) in paragraph at lines 260--262
 [][] 
 []


Overfull \hbox (3.32028pt too wide) in paragraph at lines 260--262
 [] 
 []


LaTeX Warning: Float too large for page by 41.58986pt on input line 262.

<2de.png, id=195, 421.575pt x 316.0608pt>
File: 2de.png Graphic file (type png)
<use 2de.png>
Package pdftex.def Info: 2de.png  used on input line 265.
(pdftex.def)             Requested size: 421.57396pt x 316.06003pt.
<2df.png, id=196, 421.575pt x 316.0608pt>
File: 2df.png Graphic file (type png)
<use 2df.png>
Package pdftex.def Info: 2df.png  used on input line 266.
(pdftex.def)             Requested size: 421.57396pt x 316.06003pt.

Overfull \hbox (3.32028pt too wide) in paragraph at lines 265--267
 [][] 
 []


Overfull \hbox (3.32028pt too wide) in paragraph at lines 265--267
 [] 
 []


LaTeX Warning: Float too large for page by 41.58986pt on input line 267.

[48] [49 <./2da.png (PNG copy)> <./2db.png (PNG copy)>] [50 <./2dc.png (PNG cop
y)> <./2dd.png (PNG copy)>] [51 <./2de.png (PNG copy)> <./2df.png (PNG copy)>]
(HW05.aux) ) 
Here is how much of TeX's memory you used:
 7828 strings out of 493303
 108476 string characters out of 3138691
 291273 words of memory out of 3000000
 11223 multiletter control sequences out of 15000+200000
 10171 words of font info for 36 fonts, out of 3000000 for 9000
 1141 hyphenation exceptions out of 8191
 44i,12n,43p,273b,2183s stack positions out of 5000i,500n,10000p,200000b,50000s
<C:/Program Files/MiKTeX 2.9/fonts/type1/public/amsfonts/cm/cmmi10.
pfb><C:/Program Files/MiKTeX 2.9/fonts/type1/public/amsfonts/cm/cmr10.pfb><C:/P
rogram Files/MiKTeX 2.9/fonts/type1/public/amsfonts/cm/cmr12.pfb><C:/Program Fi
les/MiKTeX 2.9/fonts/type1/public/amsfonts/cm/cmr17.pfb><C:/Program Files/MiKTe
X 2.9/fonts/type1/public/amsfonts/cm/cmr6.pfb><C:/Program Files/MiKTeX 2.9/font
s/type1/public/amsfonts/cm/cmss12.pfb><C:/Program Files/MiKTeX 2.9/fonts/type1/
public/amsfonts/cm/cmsy10.pfb><C:/Program Files/MiKTeX 2.9/fonts/type1/public/a
msfonts/cm/cmtt9.pfb>
Output written on HW05.pdf (51 pages, 3664881 bytes).
PDF statistics:
 238 PDF objects out of 1000 (max. 8388607)
 0 named destinations out of 1000 (max. 500000)
 196 words of extra memory for PDF output out of 10000 (max. 10000000)

